<?xml version="1.0" encoding="UTF-8"?>
<!-- Generated by org.testng.reporters.JUnitReportReporter -->
<testsuite hostname="mohamedyasi-a01.vmware.com" failures="0" tests="1" name="com.farnell.bdd_framework.AppTest" time="0.001" errors="0" timestamp="5 Oct 2021 12:31:45 GMT">
  <testcase classname="com.farnell.bdd_framework.AppTest" name="shouldAnswerWithTrue" time="0.001"/>
</testsuite> <!-- com.farnell.bdd_framework.AppTest -->
